<?xml version="1.0" encoding="UTF-8"?>
<testng-results ignored="0" total="6" passed="6" failed="0" skipped="0">
  <reporter-output>
  </reporter-output>
  <suite started-at="2022-09-19T13:47:29 IST" name="Suite" finished-at="2022-09-19T13:48:20 IST" duration-ms="50936">
    <groups>
    </groups>
    <test started-at="2022-09-19T13:47:29 IST" name="Test" finished-at="2022-09-19T13:48:20 IST" duration-ms="50936">
      <class name="mobileworld.Contacttest">
        <test-method signature="contactus()[pri:0, instance:mobileworld.Contacttest@47faa49c]" started-at="2022-09-19T13:48:15 IST" name="contactus" finished-at="2022-09-19T13:48:20 IST" duration-ms="5138" status="PASS">
          <reporter-output>
          </reporter-output>
        </test-method> <!-- contactus -->
      </class> <!-- mobileworld.Contacttest -->
      <class name="mobileworld.Signtest">
        <test-method signature="signin()[pri:0, instance:mobileworld.Signtest@73e22a3d]" started-at="2022-09-19T13:48:11 IST" name="signin" finished-at="2022-09-19T13:48:15 IST" duration-ms="3708" status="PASS">
          <reporter-output>
          </reporter-output>
        </test-method> <!-- signin -->
      </class> <!-- mobileworld.Signtest -->
      <class name="mobileworld.mobile">
        <test-method signature="setup()[pri:0, instance:mobileworld.mobile@4a7f959b]" started-at="2022-09-19T13:47:29 IST" name="setup" finished-at="2022-09-19T13:47:45 IST" duration-ms="15920" status="PASS">
          <reporter-output>
          </reporter-output>
        </test-method> <!-- setup -->
      </class> <!-- mobileworld.mobile -->
      <class name="mobileworld.Login">
        <test-method signature="setup()[pri:0, instance:mobileworld.Login@4d0f2471]" started-at="2022-09-19T13:47:45 IST" name="setup" finished-at="2022-09-19T13:47:54 IST" duration-ms="8924" status="PASS">
          <reporter-output>
          </reporter-output>
        </test-method> <!-- setup -->
      </class> <!-- mobileworld.Login -->
      <class name="mobileworld.SignUptest">
        <test-method signature="signUp()[pri:0, instance:mobileworld.SignUptest@3232a28a]" started-at="2022-09-19T13:48:07 IST" name="signUp" finished-at="2022-09-19T13:48:11 IST" duration-ms="3658" status="PASS">
          <reporter-output>
          </reporter-output>
        </test-method> <!-- signUp -->
      </class> <!-- mobileworld.SignUptest -->
      <class name="mobileworld.Contactus">
        <test-method signature="setup()[pri:0, instance:mobileworld.Contactus@7133da86]" started-at="2022-09-19T13:47:54 IST" name="setup" finished-at="2022-09-19T13:48:07 IST" duration-ms="13535" status="PASS">
          <reporter-output>
          </reporter-output>
        </test-method> <!-- setup -->
      </class> <!-- mobileworld.Contactus -->
    </test> <!-- Test -->
  </suite> <!-- Suite -->
</testng-results>
