<?xml version="1.0" encoding="UTF-8"?>
<testng-results ignored="0" total="1" passed="1" failed="0" skipped="0">
  <reporter-output>
  </reporter-output>
  <suite started-at="2022-09-19T09:41:26 IST" name="Default suite" finished-at="2022-09-19T09:41:39 IST" duration-ms="12988">
    <groups>
    </groups>
    <test started-at="2022-09-19T09:41:26 IST" name="Default test" finished-at="2022-09-19T09:41:39 IST" duration-ms="12988">
      <class name="mobileworld.Contactus">
        <test-method signature="setup()[pri:0, instance:mobileworld.Contactus@73700b80]" started-at="2022-09-19T09:41:26 IST" name="setup" finished-at="2022-09-19T09:41:39 IST" duration-ms="12945" status="PASS">
          <reporter-output>
          </reporter-output>
        </test-method> <!-- setup -->
      </class> <!-- mobileworld.Contactus -->
    </test> <!-- Default test -->
  </suite> <!-- Default suite -->
</testng-results>
