<?xml version="1.0" encoding="UTF-8"?>
<!-- Generated by org.testng.reporters.JUnitXMLReporter -->
<testsuite ignored="0" hostname="QT-INBG-LT0822" failures="0" tests="6" name="Test" time="50.936" errors="0" timestamp="2022-09-19T13:48:20 IST">
  <testcase classname="mobileworld.mobile" name="setup" time="15.92"/>
  <testcase classname="mobileworld.Login" name="setup" time="8.924"/>
  <testcase classname="mobileworld.Contactus" name="setup" time="13.535"/>
  <testcase classname="mobileworld.SignUptest" name="signUp" time="3.658"/>
  <testcase classname="mobileworld.Signtest" name="signin" time="3.708"/>
  <testcase classname="mobileworld.Contacttest" name="contactus" time="5.138"/>
</testsuite> <!-- Test -->
